<?xml version="1.0" encoding="UTF-8"?>
<!-- Generated by org.testng.reporters.JUnitReportReporter -->
<testsuite hostname="TBS-21" failures="0" tests="1" name="amozonOwasp.test" time="44.749" errors="0" timestamp="14 Dec 2022 06:24:15 GMT" skipped="0">
  <testcase classname="amozonOwasp.test" name="amazonSecurityTest" time="44.749"/>
</testsuite> <!-- amozonOwasp.test -->
