<?xml version="1.0" encoding="UTF-8"?>
<!-- Generated by org.testng.reporters.JUnitReportReporter -->
<testsuite hostname="TBS-21" failures="0" tests="1" name="com.rest.test.GetRequest" time="1.352" errors="0" timestamp="15 Dec 2022 10:17:14 GMT" skipped="0">
  <testcase classname="com.rest.test.GetRequest" name="getmehtod" time="1.352"/>
</testsuite> <!-- com.rest.test.GetRequest -->
