<?xml version="1.0" encoding="UTF-8"?>
<!-- Generated by org.testng.reporters.JUnitReportReporter -->
<testsuite hostname="TBS-21" failures="0" tests="1" name="amozonOwasp.owaspscript" time="64.830" errors="0" timestamp="14 Dec 2022 07:36:50 GMT" skipped="0">
  <testcase classname="amozonOwasp.owaspscript" name="flipkarttest" time="64.830"/>
</testsuite> <!-- amozonOwasp.owaspscript -->
